<?xml version="1.0" encoding="UTF-8"?>
<testsuite xmlns:xsi="http://www.w3.org/2001/XMLSchema-instance" xsi:schemaLocation="https://maven.apache.org/surefire/maven-surefire-plugin/xsd/surefire-test-report.xsd" name="com.globallogic.bootcampgl.junitTest.AppTest" time="0.38" tests="2" errors="0" skipped="0" failures="0">
  <properties>
[...]
</properties>
  <testcase name="testEvaluarTresVAriables" classname="com.globallogic.bootcampgl.junitTest.AppTest" time="0.045"/>
  <testcase name="test" classname="com.globallogic.bootcampgl.junitTest.AppTest" time="0.002"/>
</testsuite>